Welcome to Ubuntu 24.04.4 LTS (GNU/Linux 6.17.0-1013-aws x86_64)

 * Documentation:  https://help.ubuntu.com
 * Management:     https://landscape.canonical.com
 * Support:        https://ubuntu.com/pro

 System information as of Tue May 19 16:32:21 UTC 2026

  System load:  0.0                 Temperature:              -273.1 C
  Usage of /:   34.0% of 192.69GB   Processes:                273
  Memory usage: 2%                  Users logged in:          1
  Swap usage:   0%                  IPv4 address for enp39s0: <private-ubuntu-ip>

 * Ubuntu Pro delivers the most comprehensive open source security and
   compliance features.

   https://ubuntu.com/aws/pro

Expanded Security Maintenance for Applications is not enabled.

18 updates can be applied immediately.
To see these additional updates run: apt list --upgradable

Enable ESM Apps to receive additional future security updates.
See https://ubuntu.com/esm or run: sudo pro status


CANONICAL_SSH_OK
<ubuntu-hostname>
x86_64
