$ git diff --check
$ cd frontend && npm ci

added 21 packages, and audited 22 packages in 691ms

8 packages are looking for funding
  run `npm fund` for details

found 0 vulnerabilities
$ cd frontend && npm run build

> camelid-frontend@0.1.0 build
> vite build

vite v8.0.10 building client environment for production...
[2Ktransforming...✓ 39 modules transformed.
rendering chunks...
computing gzip size...
dist/index.html                   0.39 kB │ gzip:   0.26 kB
dist/assets/index-BEi57WzR.css  124.03 kB │ gzip:  21.41 kB
dist/assets/index-hKhjzgaP.js   375.56 kB │ gzip: 105.73 kB

✓ built in 267ms
$ cd frontend && npm run smoke:model-state

> camelid-frontend@0.1.0 smoke:model-state
> node scripts/model-state-smoke.mjs

✓ model-state smoke passed
$ cd frontend && npm run smoke:3b-closure

> camelid-frontend@0.1.0 smoke:3b-closure
> node scripts/frontend-3b-closure-smoke.mjs

✓ frontend 3B closure smoke passed
$ cd frontend && npm run smoke:ui

> camelid-frontend@0.1.0 smoke:ui
> node scripts/ui-regression-smoke.mjs

UI regression smoke passed
$ cd frontend && npm run smoke:streaming

> camelid-frontend@0.1.0 smoke:streaming
> node scripts/streaming-parser-smoke.mjs

Streaming parser smoke passed
$ cd frontend && npm run smoke:integration

> camelid-frontend@0.1.0 smoke:integration
> node scripts/frontend-integration-smoke.mjs

Frontend integration smoke passed
