cdd557fc19c563258fca2920865460b3dddc53d5
 M src/execution_plan.rs
 src/execution_plan.rs | 22 ++++++++++++++++++++++
 1 file changed, 22 insertions(+)
diff --git a/src/execution_plan.rs b/src/execution_plan.rs
index 5b4fb51..050bc48 100644
--- a/src/execution_plan.rs
+++ b/src/execution_plan.rs
@@ -20,6 +20,7 @@ const MANAGED_ENV_KEYS: &[&str] = &[
     "CAMELID_X86_Q8_OUTPUT_PACKED_ROWS4_MATMUL",
     "CAMELID_X86_Q8_FFN_GATE_UP_DECODE_CONSUMER",
     "CAMELID_X86_Q8_FFN_GATE_UP_PACKED_ROWS4_MATMUL",
+    "CAMELID_X86_Q8_FFN_GATE_UP_SINGLE_OWNER",
     "CAMELID_X86_Q8_FFN_DOWN_DECODE_CONSUMER",
     "CAMELID_X86_Q8_PACKED_ROWS4_MATMUL",
     "CAMELID_X86_Q8_FFN_DOWN_GEMM4_PREFILL",
@@ -380,6 +381,7 @@ fn select_linux_x86_q8_plan(
         "CAMELID_X86_Q8_FFN_GATE_UP_PACKED_ROWS4_MATMUL",
         Some("off"),
     );
+    env_updates.insert("CAMELID_X86_Q8_FFN_GATE_UP_SINGLE_OWNER", Some("off"));
     env_updates.insert("CAMELID_X86_Q8_FFN_DOWN_DECODE_CONSUMER", Some("off"));
     env_updates.insert("CAMELID_X86_Q8_PACKED_ROWS4_MATMUL", Some("off"));
     env_updates.insert("CAMELID_X86_Q8_FFN_DOWN_GEMM4_PREFILL", Some("off"));
@@ -760,8 +762,12 @@ mod tests {
             "CAMELID_X86_Q8_OUTPUT_PACKED_ROWS4_MATMUL",
             "CAMELID_X86_Q8_FFN_GATE_UP_DECODE_CONSUMER",
             "CAMELID_X86_Q8_FFN_GATE_UP_PACKED_ROWS4_MATMUL",
+            "CAMELID_X86_Q8_FFN_GATE_UP_SINGLE_OWNER",
             "CAMELID_X86_Q8_FFN_DOWN_DECODE_CONSUMER",
             "CAMELID_X86_Q8_PACKED_ROWS4_MATMUL",
+            "CAMELID_X86_Q8_FFN_DOWN_GEMM4_PREFILL",
+            "CAMELID_X86_Q8_FFN_DOWN_GEMM4_ROW_GROUP_SCHED",
+            "CAMELID_X86_Q8_FFN_DOWN_GEMM4_AVX2",
             "CAMELID_X86_Q8_FFN_DOWN_SINGLE_OWNER",
             "CAMELID_X86_Q8_FFN_DOWN_DECODE_OWNER",
             "CAMELID_X86_Q8_OUTPUT_DECODE_OWNER",
@@ -1017,6 +1023,12 @@ mod tests {
                 .get("CAMELID_X86_Q8_FFN_GATE_UP_PACKED_ROWS4_MATMUL"),
             Some(&Some("off"))
         );
+        assert_eq!(
+            outcome
+                .env_updates
+                .get("CAMELID_X86_Q8_FFN_GATE_UP_SINGLE_OWNER"),
+            Some(&Some("off"))
+        );
         assert_eq!(
             outcome
                 .env_updates
@@ -1041,6 +1053,12 @@ mod tests {
                 .get("CAMELID_X86_Q8_FFN_DOWN_GEMM4_ROW_GROUP_SCHED"),
             Some(&Some("off"))
         );
+        assert_eq!(
+            outcome
+                .env_updates
+                .get("CAMELID_X86_Q8_FFN_DOWN_GEMM4_AVX2"),
+            Some(&Some("off"))
+        );
         assert_eq!(
             outcome
                 .env_updates
@@ -1074,10 +1092,12 @@ mod tests {
         env::set_var("CAMELID_X86_Q8_OUTPUT_PACKED_ROWS4_MATMUL", "on");
         env::set_var("CAMELID_X86_Q8_FFN_GATE_UP_DECODE_CONSUMER", "on");
         env::set_var("CAMELID_X86_Q8_FFN_GATE_UP_PACKED_ROWS4_MATMUL", "on");
+        env::set_var("CAMELID_X86_Q8_FFN_GATE_UP_SINGLE_OWNER", "on");
         env::set_var("CAMELID_X86_Q8_FFN_DOWN_DECODE_CONSUMER", "on");
         env::set_var("CAMELID_X86_Q8_PACKED_ROWS4_MATMUL", "on");
         env::set_var("CAMELID_X86_Q8_FFN_DOWN_GEMM4_PREFILL", "on");
         env::set_var("CAMELID_X86_Q8_FFN_DOWN_GEMM4_ROW_GROUP_SCHED", "on");
+        env::set_var("CAMELID_X86_Q8_FFN_DOWN_GEMM4_AVX2", "on");
         env::set_var("CAMELID_X86_Q8_FFN_DOWN_SINGLE_OWNER", "on");
 
         PlannerEnv::capture().apply(&BTreeMap::new());
@@ -1090,10 +1110,12 @@ mod tests {
         assert!(env::var("CAMELID_X86_Q8_OUTPUT_PACKED_ROWS4_MATMUL").is_err());
         assert!(env::var("CAMELID_X86_Q8_FFN_GATE_UP_DECODE_CONSUMER").is_err());
         assert!(env::var("CAMELID_X86_Q8_FFN_GATE_UP_PACKED_ROWS4_MATMUL").is_err());
+        assert!(env::var("CAMELID_X86_Q8_FFN_GATE_UP_SINGLE_OWNER").is_err());
         assert!(env::var("CAMELID_X86_Q8_FFN_DOWN_DECODE_CONSUMER").is_err());
         assert!(env::var("CAMELID_X86_Q8_PACKED_ROWS4_MATMUL").is_err());
         assert!(env::var("CAMELID_X86_Q8_FFN_DOWN_GEMM4_PREFILL").is_err());
         assert!(env::var("CAMELID_X86_Q8_FFN_DOWN_GEMM4_ROW_GROUP_SCHED").is_err());
+        assert!(env::var("CAMELID_X86_Q8_FFN_DOWN_GEMM4_AVX2").is_err());
         assert!(env::var("CAMELID_X86_Q8_FFN_DOWN_SINGLE_OWNER").is_err());
         clear_profile_env();
     }
