target/8b-checkmark-current-head-20260505T052647Z-head-864e07b51f36/backend-rss.tsv: FAILED open or read
target/8b-checkmark-current-head-20260505T052647Z-head-864e07b51f36/frontend-ready.html: FAILED open or read
target/8b-checkmark-current-head-20260505T052647Z-head-864e07b51f36/health-ready.json: FAILED open or read
target/8b-checkmark-current-head-20260505T052647Z-head-864e07b51f36/llama3_8b_instruct_q8_0/api-webui/capabilities.json: FAILED open or read
target/8b-checkmark-current-head-20260505T052647Z-head-864e07b51f36/llama3_8b_instruct_q8_0/api-webui/chat.request.json: FAILED open or read
target/8b-checkmark-current-head-20260505T052647Z-head-864e07b51f36/llama3_8b_instruct_q8_0/api-webui/chat.response.json: FAILED open or read
target/8b-checkmark-current-head-20260505T052647Z-head-864e07b51f36/llama3_8b_instruct_q8_0/api-webui/completion.request.json: FAILED open or read
target/8b-checkmark-current-head-20260505T052647Z-head-864e07b51f36/llama3_8b_instruct_q8_0/api-webui/completion.response.json: FAILED open or read
target/8b-checkmark-current-head-20260505T052647Z-head-864e07b51f36/llama3_8b_instruct_q8_0/api-webui/current-model.json: FAILED open or read
target/8b-checkmark-current-head-20260505T052647Z-head-864e07b51f36/llama3_8b_instruct_q8_0/api-webui/frontend.command.txt: FAILED open or read
target/8b-checkmark-current-head-20260505T052647Z-head-864e07b51f36/llama3_8b_instruct_q8_0/api-webui/frontend.stderr.log: FAILED open or read
target/8b-checkmark-current-head-20260505T052647Z-head-864e07b51f36/llama3_8b_instruct_q8_0/api-webui/frontend.stdout.log: FAILED open or read
target/8b-checkmark-current-head-20260505T052647Z-head-864e07b51f36/llama3_8b_instruct_q8_0/api-webui/frontend.summary.json: FAILED open or read
target/8b-checkmark-current-head-20260505T052647Z-head-864e07b51f36/llama3_8b_instruct_q8_0/api-webui/generation-timings.command.txt: FAILED open or read
target/8b-checkmark-current-head-20260505T052647Z-head-864e07b51f36/llama3_8b_instruct_q8_0/api-webui/generation-timings.run.json: FAILED open or read
target/8b-checkmark-current-head-20260505T052647Z-head-864e07b51f36/llama3_8b_instruct_q8_0/api-webui/generation-timings.stderr.log: FAILED open or read
target/8b-checkmark-current-head-20260505T052647Z-head-864e07b51f36/llama3_8b_instruct_q8_0/api-webui/generation-timings.stdout.log: FAILED open or read
target/8b-checkmark-current-head-20260505T052647Z-head-864e07b51f36/llama3_8b_instruct_q8_0/api-webui/generation-timings.summary.json: FAILED open or read
target/8b-checkmark-current-head-20260505T052647Z-head-864e07b51f36/llama3_8b_instruct_q8_0/api-webui/health-after.json: FAILED open or read
target/8b-checkmark-current-head-20260505T052647Z-head-864e07b51f36/llama3_8b_instruct_q8_0/api-webui/health-before.json: FAILED open or read
target/8b-checkmark-current-head-20260505T052647Z-head-864e07b51f36/llama3_8b_instruct_q8_0/api-webui/load.request.json: FAILED open or read
target/8b-checkmark-current-head-20260505T052647Z-head-864e07b51f36/llama3_8b_instruct_q8_0/api-webui/load.response.json: FAILED open or read
target/8b-checkmark-current-head-20260505T052647Z-head-864e07b51f36/llama3_8b_instruct_q8_0/api-webui/summary.json: FAILED open or read
target/8b-checkmark-current-head-20260505T052647Z-head-864e07b51f36/llama3_8b_instruct_q8_0/api-webui/v1-models.json: FAILED open or read
target/8b-checkmark-current-head-20260505T052647Z-head-864e07b51f36/logs/backend.log: FAILED open or read
target/8b-checkmark-current-head-20260505T052647Z-head-864e07b51f36/logs/cargo-build-release.log: FAILED open or read
target/8b-checkmark-current-head-20260505T052647Z-head-864e07b51f36/logs/frontend-build.log: FAILED open or read
target/8b-checkmark-current-head-20260505T052647Z-head-864e07b51f36/logs/frontend-npm-ci.log: FAILED open or read
target/8b-checkmark-current-head-20260505T052647Z-head-864e07b51f36/logs/frontend-preview.log: FAILED open or read
target/8b-checkmark-current-head-20260505T052647Z-head-864e07b51f36/logs/frontend-wait.err: FAILED open or read
target/8b-checkmark-current-head-20260505T052647Z-head-864e07b51f36/logs/health-wait.err: FAILED open or read
target/8b-checkmark-current-head-20260505T052647Z-head-864e07b51f36/logs/model-promotion-smoke-bundle.log: FAILED open or read
target/8b-checkmark-current-head-20260505T052647Z-head-864e07b51f36/run.env: FAILED open or read
