./backend-rss.tsv: OK
./frontend-ready.html: OK
./health-ready.json: OK
./llama3_8b_instruct_q8_0/api-webui/capabilities.json: OK
./llama3_8b_instruct_q8_0/api-webui/chat.request.json: OK
./llama3_8b_instruct_q8_0/api-webui/chat.response.json: OK
./llama3_8b_instruct_q8_0/api-webui/completion.request.json: OK
./llama3_8b_instruct_q8_0/api-webui/completion.response.json: OK
./llama3_8b_instruct_q8_0/api-webui/current-model.json: OK
./llama3_8b_instruct_q8_0/api-webui/frontend.command.txt: OK
./llama3_8b_instruct_q8_0/api-webui/frontend.stderr.log: OK
./llama3_8b_instruct_q8_0/api-webui/frontend.stdout.log: OK
./llama3_8b_instruct_q8_0/api-webui/frontend.summary.json: OK
./llama3_8b_instruct_q8_0/api-webui/generation-timings.command.txt: OK
./llama3_8b_instruct_q8_0/api-webui/generation-timings.run.json: OK
./llama3_8b_instruct_q8_0/api-webui/generation-timings.stderr.log: OK
./llama3_8b_instruct_q8_0/api-webui/generation-timings.stdout.log: OK
./llama3_8b_instruct_q8_0/api-webui/generation-timings.summary.json: OK
./llama3_8b_instruct_q8_0/api-webui/health-after.json: OK
./llama3_8b_instruct_q8_0/api-webui/health-before.json: OK
./llama3_8b_instruct_q8_0/api-webui/load.request.json: OK
./llama3_8b_instruct_q8_0/api-webui/load.response.json: OK
./llama3_8b_instruct_q8_0/api-webui/summary.json: OK
./llama3_8b_instruct_q8_0/api-webui/v1-models.json: OK
./logs/backend.log: OK
./logs/cargo-build-release.log: OK
./logs/frontend-build.log: OK
./logs/frontend-npm-ci.log: OK
./logs/frontend-preview.log: OK
./logs/frontend-wait.err: OK
./logs/health-wait.err: OK
./logs/model-promotion-smoke-bundle.log: OK
./run.env: OK
