   Compiling camelid v0.1.0 (<repo>)
    Finished `test` profile [unoptimized + debuginfo] target(s) in 2.47s
     Running unittests src/lib.rs (target/debug/deps/camelid-1a49ffa852c9d3a2)

running 13 tests
test execution_plan::tests::debug_profile_enables_diagnostics_without_changing_claims ... ok
test execution_plan::tests::mac_auto_selects_validated_mac_path ... ok
test execution_plan::tests::planner_env_apply_clears_stale_x86_q8_decode_consumer_flags ... ok
test execution_plan::tests::mac_auto_explicit_matches_auto_default_plan ... ok
test execution_plan::tests::safe_profile_fails_closed ... ok
test execution_plan::tests::ubuntu_auto_keeps_x86_experiments_default_off ... ok
test execution_plan::tests::explicit_disable_override_falls_back_to_safe ... ok
test execution_plan::tests::mac_experimental_allows_packed_prefill_scheduler ... ok
test execution_plan::tests::ubuntu_experimental_missing_x86_gate_fails_closed ... ok
test execution_plan::tests::invalid_x86_kernel_override_fails_closed ... ok
test execution_plan::tests::ubuntu_experimental_validated_gates_select_rust_avx2_q8_path ... ok
test execution_plan::tests::ubuntu_experimental_without_avx2_feature_fails_closed ... ok
test execution_plan::tests::unsupported_row_stays_safe ... ok

test result: ok. 13 passed; 0 failed; 0 ignored; 0 measured; 261 filtered out; finished in 0.00s

     Running unittests src/main.rs (target/debug/deps/camelid-2fc4e05e6ee9a5d6)

running 0 tests

test result: ok. 0 passed; 0 failed; 0 ignored; 0 measured; 12 filtered out; finished in 0.00s

     Running tests/api_vertical_slice.rs (target/debug/deps/api_vertical_slice-8e8e457661bd8236)

running 0 tests

test result: ok. 0 passed; 0 failed; 0 ignored; 0 measured; 59 filtered out; finished in 0.00s

     Running tests/gguf_metadata.rs (target/debug/deps/gguf_metadata-45575ef19394357c)

running 0 tests

test result: ok. 0 passed; 0 failed; 0 ignored; 0 measured; 4 filtered out; finished in 0.00s

     Running tests/inference_session.rs (target/debug/deps/inference_session-3d4a7789199febb1)

running 0 tests

test result: ok. 0 passed; 0 failed; 0 ignored; 0 measured; 22 filtered out; finished in 0.00s

     Running tests/model_binding.rs (target/debug/deps/model_binding-7185b3a21097ba82)

running 0 tests

test result: ok. 0 passed; 0 failed; 0 ignored; 0 measured; 12 filtered out; finished in 0.00s

     Running tests/tensor_primitives.rs (target/debug/deps/tensor_primitives-c170961618d40807)

running 0 tests

test result: ok. 0 passed; 0 failed; 0 ignored; 0 measured; 10 filtered out; finished in 0.00s

     Running tests/tensor_store.rs (target/debug/deps/tensor_store-ab659888345e0934)

running 0 tests

test result: ok. 0 passed; 0 failed; 0 ignored; 0 measured; 24 filtered out; finished in 0.00s

     Running tests/tokenizer.rs (target/debug/deps/tokenizer-bb05b82c3d9c582f)

running 0 tests

test result: ok. 0 passed; 0 failed; 0 ignored; 0 measured; 24 filtered out; finished in 0.00s
